<?xml version="1.0" encoding="UTF-8"?>
<!-- Generated by org.testng.reporters.JUnitXMLReporter -->
<testsuite ignored="0" hostname="aham" failures="0" tests="3" name="Test" time="61.488" errors="0" timestamp="2024-03-03T22:31:16 IST">
  <testcase classname="productsModule.SearchProductsTest" name="SearchTheProduct" time="17.45"/>
  <testcase classname="loginModule.VerifyingLoginLogoutTest" name="VerifyLoginLogout" time="1.247"/>
  <testcase classname="productsModule.AddProductsTest" name="Addproduct" time="24.174"/>
</testsuite> <!-- Test -->
