<?xml version="1.0" encoding="UTF-8"?>
<!-- Generated by org.testng.reporters.JUnitXMLReporter -->
<testsuite ignored="4" hostname="aham" failures="0" tests="3" name="Test" time="73.53" errors="0" timestamp="2024-03-06T13:34:44 IST">
  <testcase classname="productsModule.SearchProductsTest" name="SearchTheProduct" time="18.662"/>
  <testcase classname="loginModule.VerifyingLoginLogoutTest" name="VerifyLoginLogout" time="1.286"/>
  <testcase classname="productsModule.AddProductsTest" name="Addproduct" time="25.297"/>
  <testcase classname="com.nopCommerce.GenericUtilities.BaseClass" name="@BeforeSuite BS_Config" time="0.0">
    <ignored/>
  </testcase> <!-- @BeforeSuite BS_Config -->
  <testcase classname="com.nopCommerce.GenericUtilities.BaseClass" name="@AfterSuite AF_Config" time="0.0">
    <ignored/>
  </testcase> <!-- @AfterSuite AF_Config -->
  <testcase classname="com.nopCommerce.GenericUtilities.BaseClass" name="@AfterSuite AF_Config" time="0.0">
    <ignored/>
  </testcase> <!-- @AfterSuite AF_Config -->
  <testcase classname="com.nopCommerce.GenericUtilities.BaseClass" name="@BeforeSuite BS_Config" time="0.0">
    <ignored/>
  </testcase> <!-- @BeforeSuite BS_Config -->
</testsuite> <!-- Test -->
