<?xml version="1.0" encoding="UTF-8"?>
<testng-results ignored="4" total="7" passed="3" failed="0" skipped="0">
  <reporter-output>
    <line>
      <![CDATA[Dashboard / nopCommerce administration]]>
    </line>
  </reporter-output>
  <suite started-at="2024-03-06T13:33:30 IST" name="Suite" finished-at="2024-03-06T13:34:44 IST" duration-ms="73530">
    <groups>
    </groups>
    <test started-at="2024-03-06T13:33:30 IST" name="Test" finished-at="2024-03-06T13:34:44 IST" duration-ms="73530">
      <class name="loginModule.VerifyingLoginLogoutTest">
        <test-method is-config="true" signature="BC_Config()[pri:0, instance:loginModule.VerifyingLoginLogoutTest@742ff096]" started-at="2024-03-06T13:34:01 IST" name="BC_Config" finished-at="2024-03-06T13:34:04 IST" duration-ms="2827" status="PASS">
          <reporter-output>
          </reporter-output>
        </test-method> <!-- BC_Config -->
        <test-method is-config="true" signature="BM_Config()[pri:0, instance:loginModule.VerifyingLoginLogoutTest@742ff096]" started-at="2024-03-06T13:34:04 IST" name="BM_Config" finished-at="2024-03-06T13:34:07 IST" duration-ms="2631" status="PASS">
          <reporter-output>
          </reporter-output>
        </test-method> <!-- BM_Config -->
        <test-method signature="VerifyLoginLogout()[pri:1, instance:loginModule.VerifyingLoginLogoutTest@742ff096]" started-at="2024-03-06T13:34:07 IST" name="VerifyLoginLogout" finished-at="2024-03-06T13:34:08 IST" duration-ms="1286" status="PASS">
          <reporter-output>
            <line>
              <![CDATA[Dashboard / nopCommerce administration]]>
            </line>
          </reporter-output>
        </test-method> <!-- VerifyLoginLogout -->
        <test-method is-config="true" signature="AM_Config()[pri:0, instance:loginModule.VerifyingLoginLogoutTest@742ff096]" started-at="2024-03-06T13:34:08 IST" name="AM_Config" finished-at="2024-03-06T13:34:10 IST" duration-ms="1936" status="PASS">
          <reporter-output>
          </reporter-output>
        </test-method> <!-- AM_Config -->
        <test-method is-config="true" signature="AC_Config()[pri:0, instance:loginModule.VerifyingLoginLogoutTest@742ff096]" started-at="2024-03-06T13:34:10 IST" name="AC_Config" finished-at="2024-03-06T13:34:10 IST" duration-ms="231" status="PASS">
          <reporter-output>
          </reporter-output>
        </test-method> <!-- AC_Config -->
      </class> <!-- loginModule.VerifyingLoginLogoutTest -->
      <class name="productsModule.SearchProductsTest">
        <test-method is-config="true" signature="BS_Config()[pri:0, instance:productsModule.SearchProductsTest@3a7442c7]" started-at="2024-03-06T13:33:30 IST" name="BS_Config" finished-at="2024-03-06T13:33:30 IST" duration-ms="153" status="PASS">
          <reporter-output>
          </reporter-output>
        </test-method> <!-- BS_Config -->
        <test-method is-config="true" signature="BC_Config()[pri:0, instance:productsModule.SearchProductsTest@3a7442c7]" started-at="2024-03-06T13:33:31 IST" name="BC_Config" finished-at="2024-03-06T13:33:34 IST" duration-ms="3646" status="PASS">
          <reporter-output>
          </reporter-output>
        </test-method> <!-- BC_Config -->
        <test-method is-config="true" signature="BM_Config()[pri:0, instance:productsModule.SearchProductsTest@3a7442c7]" started-at="2024-03-06T13:33:34 IST" name="BM_Config" finished-at="2024-03-06T13:33:40 IST" duration-ms="5660" status="PASS">
          <reporter-output>
          </reporter-output>
        </test-method> <!-- BM_Config -->
        <test-method signature="SearchTheProduct()[pri:3, instance:productsModule.SearchProductsTest@3a7442c7]" started-at="2024-03-06T13:33:40 IST" name="SearchTheProduct" finished-at="2024-03-06T13:33:59 IST" duration-ms="18662" status="PASS">
          <reporter-output>
          </reporter-output>
        </test-method> <!-- SearchTheProduct -->
        <test-method is-config="true" signature="AM_Config()[pri:0, instance:productsModule.SearchProductsTest@3a7442c7]" started-at="2024-03-06T13:33:59 IST" name="AM_Config" finished-at="2024-03-06T13:34:01 IST" duration-ms="2537" status="PASS">
          <reporter-output>
          </reporter-output>
        </test-method> <!-- AM_Config -->
        <test-method is-config="true" signature="AC_Config()[pri:0, instance:productsModule.SearchProductsTest@3a7442c7]" started-at="2024-03-06T13:34:01 IST" name="AC_Config" finished-at="2024-03-06T13:34:01 IST" duration-ms="247" status="PASS">
          <reporter-output>
          </reporter-output>
        </test-method> <!-- AC_Config -->
        <test-method is-config="true" signature="AF_Config()[pri:0, instance:productsModule.SearchProductsTest@3a7442c7]" started-at="2024-03-06T13:34:44 IST" name="AF_Config" finished-at="2024-03-06T13:34:44 IST" duration-ms="16" status="PASS">
          <reporter-output>
          </reporter-output>
        </test-method> <!-- AF_Config -->
      </class> <!-- productsModule.SearchProductsTest -->
      <class name="productsModule.AddProductsTest">
        <test-method is-config="true" signature="BC_Config()[pri:0, instance:productsModule.AddProductsTest@75437611]" started-at="2024-03-06T13:34:10 IST" name="BC_Config" finished-at="2024-03-06T13:34:13 IST" duration-ms="2836" status="PASS">
          <reporter-output>
          </reporter-output>
        </test-method> <!-- BC_Config -->
        <test-method is-config="true" signature="BM_Config()[pri:0, instance:productsModule.AddProductsTest@75437611]" started-at="2024-03-06T13:34:13 IST" name="BM_Config" finished-at="2024-03-06T13:34:16 IST" duration-ms="2718" status="PASS">
          <reporter-output>
          </reporter-output>
        </test-method> <!-- BM_Config -->
        <test-method signature="Addproduct()[pri:2, instance:productsModule.AddProductsTest@75437611]" started-at="2024-03-06T13:34:16 IST" name="Addproduct" finished-at="2024-03-06T13:34:41 IST" duration-ms="25297" status="PASS">
          <reporter-output>
          </reporter-output>
        </test-method> <!-- Addproduct -->
        <test-method is-config="true" signature="AM_Config()[pri:0, instance:productsModule.AddProductsTest@75437611]" started-at="2024-03-06T13:34:41 IST" name="AM_Config" finished-at="2024-03-06T13:34:44 IST" duration-ms="2496" status="PASS">
          <reporter-output>
          </reporter-output>
        </test-method> <!-- AM_Config -->
        <test-method is-config="true" signature="AC_Config()[pri:0, instance:productsModule.AddProductsTest@75437611]" started-at="2024-03-06T13:34:44 IST" name="AC_Config" finished-at="2024-03-06T13:34:44 IST" duration-ms="244" status="PASS">
          <reporter-output>
          </reporter-output>
        </test-method> <!-- AC_Config -->
      </class> <!-- productsModule.AddProductsTest -->
    </test> <!-- Test -->
  </suite> <!-- Suite -->
</testng-results>
